<?xml version="1.0" encoding="UTF-8"?>
<!-- Generated by org.testng.reporters.JUnitReportReporter -->
<testsuite hostname="DESKTOP-790N287" name="com.young.appiumcombat.testcases.search.SearchPage_001_SearchDemo_Test" tests="1" failures="0" timestamp="2 Jun 2016 07:02:03 GMT" time="54.221" errors="0">
  <testcase name="searchDemo" time="54.221" classname="com.young.appiumcombat.testcases.search.SearchPage_001_SearchDemo_Test"/>
</testsuite> <!-- com.young.appiumcombat.testcases.search.SearchPage_001_SearchDemo_Test -->
